[ 2021-04-17T17:54:02+08:00 ] 127.0.0.1 /
INFO: [ app_init ] --START--
INFO: Run Behavior\BuildLiteBehavior [ RunTime:0.000011s ]
INFO: [ app_init ] --END-- [ RunTime:0.000099s ]
INFO: [ app_begin ] --START--
INFO: Run Behavior\ReadHtmlCacheBehavior [ RunTime:0.000438s ]
INFO: [ app_begin ] --END-- [ RunTime:0.000461s ]
INFO: [ view_parse ] --START--
INFO: [ template_filter ] --START--
INFO: Run Behavior\ContentReplaceBehavior [ RunTime:0.000434s ]
INFO: [ template_filter ] --END-- [ RunTime:0.000477s ]
INFO: Run Behavior\ParseTemplateBehavior [ RunTime:0.007691s ]
INFO: [ view_parse ] --END-- [ RunTime:0.007716s ]
INFO: [ view_filter ] --START--
INFO: Run Behavior\WriteHtmlCacheBehavior [ RunTime:0.000300s ]
INFO: [ view_filter ] --END-- [ RunTime:0.000319s ]
INFO: [ app_end ] --START--
INFO: Run Behavior\ShowPageTraceBehavior [ RunTime:0.000724s ]
INFO: [ app_end ] --END-- [ RunTime:0.000745s ]

[ 2021-04-17T18:33:34+08:00 ] 127.0.0.1 /
INFO: [ app_init ] --START--
INFO: Run Behavior\BuildLiteBehavior [ RunTime:0.000008s ]
INFO: [ app_init ] --END-- [ RunTime:0.000284s ]
INFO: [ app_begin ] --START--
INFO: Run Behavior\ReadHtmlCacheBehavior [ RunTime:0.000321s ]
INFO: [ app_begin ] --END-- [ RunTime:0.000344s ]
INFO: [ view_parse ] --START--
INFO: Run Behavior\ParseTemplateBehavior [ RunTime:0.000284s ]
INFO: [ view_parse ] --END-- [ RunTime:0.000310s ]
INFO: [ view_filter ] --START--
INFO: Run Behavior\WriteHtmlCacheBehavior [ RunTime:0.000316s ]
INFO: [ view_filter ] --END-- [ RunTime:0.000373s ]
INFO: [ app_end ] --START--
INFO: Run Behavior\ShowPageTraceBehavior [ RunTime:0.000587s ]
INFO: [ app_end ] --END-- [ RunTime:0.000615s ]
NOTIC: [8] Trying to get property 'id' of non-object G:\phpstudy_pro\WWW\kk.top\index.php 第 28 行.

[ 2021-04-17T18:34:10+08:00 ] 127.0.0.1 /
INFO: [ app_init ] --START--
INFO: Run Behavior\BuildLiteBehavior [ RunTime:0.000005s ]
INFO: [ app_init ] --END-- [ RunTime:0.000205s ]
INFO: [ app_begin ] --START--
INFO: Run Behavior\ReadHtmlCacheBehavior [ RunTime:0.000250s ]
INFO: [ app_begin ] --END-- [ RunTime:0.000271s ]
INFO: [ view_parse ] --START--
INFO: Run Behavior\ParseTemplateBehavior [ RunTime:0.000178s ]
INFO: [ view_parse ] --END-- [ RunTime:0.000223s ]
INFO: [ view_filter ] --START--
INFO: Run Behavior\WriteHtmlCacheBehavior [ RunTime:0.000138s ]
INFO: [ view_filter ] --END-- [ RunTime:0.000155s ]
INFO: [ app_end ] --START--
INFO: Run Behavior\ShowPageTraceBehavior [ RunTime:0.000263s ]
INFO: [ app_end ] --END-- [ RunTime:0.000283s ]
NOTIC: [8] Trying to get property 'id' of non-object G:\phpstudy_pro\WWW\kk.top\ThinkPHP\ThinkPHP.php 第 99 行.
NOTIC: [8] Trying to get property 'id' of non-object G:\phpstudy_pro\WWW\kk.top\index.php 第 28 行.

[ 2021-04-17T18:34:11+08:00 ] 127.0.0.1 /
INFO: [ app_init ] --START--
INFO: Run Behavior\BuildLiteBehavior [ RunTime:0.000009s ]
INFO: [ app_init ] --END-- [ RunTime:0.000439s ]
INFO: [ app_begin ] --START--
INFO: Run Behavior\ReadHtmlCacheBehavior [ RunTime:0.000354s ]
INFO: [ app_begin ] --END-- [ RunTime:0.000376s ]
INFO: [ view_parse ] --START--
INFO: Run Behavior\ParseTemplateBehavior [ RunTime:0.000169s ]
INFO: [ view_parse ] --END-- [ RunTime:0.000190s ]
INFO: [ view_filter ] --START--
INFO: Run Behavior\WriteHtmlCacheBehavior [ RunTime:0.000211s ]
INFO: [ view_filter ] --END-- [ RunTime:0.000231s ]
INFO: [ app_end ] --START--
INFO: Run Behavior\ShowPageTraceBehavior [ RunTime:0.000276s ]
INFO: [ app_end ] --END-- [ RunTime:0.000294s ]
NOTIC: [8] Trying to get property 'id' of non-object G:\phpstudy_pro\WWW\kk.top\ThinkPHP\ThinkPHP.php 第 99 行.
NOTIC: [8] Trying to get property 'id' of non-object G:\phpstudy_pro\WWW\kk.top\index.php 第 28 行.

[ 2021-04-17T18:34:23+08:00 ] 127.0.0.1 /
INFO: [ app_init ] --START--
INFO: Run Behavior\BuildLiteBehavior [ RunTime:0.000008s ]
INFO: [ app_init ] --END-- [ RunTime:0.000268s ]
INFO: [ app_begin ] --START--
INFO: Run Behavior\ReadHtmlCacheBehavior [ RunTime:0.000375s ]
INFO: [ app_begin ] --END-- [ RunTime:0.000415s ]
INFO: [ view_parse ] --START--
INFO: Run Behavior\ParseTemplateBehavior [ RunTime:0.000278s ]
INFO: [ view_parse ] --END-- [ RunTime:0.000304s ]
INFO: [ view_filter ] --START--
INFO: Run Behavior\WriteHtmlCacheBehavior [ RunTime:0.000257s ]
INFO: [ view_filter ] --END-- [ RunTime:0.000295s ]
INFO: [ app_end ] --START--
INFO: Run Behavior\ShowPageTraceBehavior [ RunTime:0.000463s ]
INFO: [ app_end ] --END-- [ RunTime:0.000484s ]
NOTIC: [2] Use of undefined constant echo123 - assumed 'echo123' (this will throw an Error in a future version of PHP) G:\phpstudy_pro\WWW\kk.top\ThinkPHP\ThinkPHP.php 第 98 行.
NOTIC: [8] Trying to get property 'id' of non-object G:\phpstudy_pro\WWW\kk.top\ThinkPHP\ThinkPHP.php 第 100 行.
NOTIC: [8] Trying to get property 'id' of non-object G:\phpstudy_pro\WWW\kk.top\index.php 第 28 行.

[ 2021-04-17T18:35:08+08:00 ] 127.0.0.1 /
INFO: [ app_init ] --START--
INFO: Run Behavior\BuildLiteBehavior [ RunTime:0.000008s ]
INFO: [ app_init ] --END-- [ RunTime:0.000389s ]
INFO: [ app_begin ] --START--
INFO: Run Behavior\ReadHtmlCacheBehavior [ RunTime:0.000286s ]
INFO: [ app_begin ] --END-- [ RunTime:0.000309s ]
NOTIC: [8] Trying to get property 'id' of non-object G:\phpstudy_pro\WWW\kk.top\Application\Home\Controller\IndexController.class.php 第 8 行.
INFO: [ app_end ] --START--
INFO: Run Behavior\ShowPageTraceBehavior [ RunTime:0.000306s ]
INFO: [ app_end ] --END-- [ RunTime:0.000328s ]
NOTIC: [2] Use of undefined constant echo123 - assumed 'echo123' (this will throw an Error in a future version of PHP) G:\phpstudy_pro\WWW\kk.top\ThinkPHP\ThinkPHP.php 第 98 行.
NOTIC: [8] Trying to get property 'id' of non-object G:\phpstudy_pro\WWW\kk.top\ThinkPHP\ThinkPHP.php 第 100 行.
NOTIC: [8] Trying to get property 'id' of non-object G:\phpstudy_pro\WWW\kk.top\index.php 第 28 行.

[ 2021-04-17T18:35:40+08:00 ] 127.0.0.1 /
INFO: [ app_init ] --START--
INFO: Run Behavior\BuildLiteBehavior [ RunTime:0.000007s ]
INFO: [ app_init ] --END-- [ RunTime:0.000381s ]
INFO: [ app_begin ] --START--
INFO: Run Behavior\ReadHtmlCacheBehavior [ RunTime:0.000383s ]
INFO: [ app_begin ] --END-- [ RunTime:0.000407s ]
NOTIC: [8] Trying to get property 'id' of non-object G:\phpstudy_pro\WWW\kk.top\Application\Home\Controller\IndexController.class.php 第 8 行.
INFO: [ app_end ] --START--
INFO: Run Behavior\ShowPageTraceBehavior [ RunTime:0.000844s ]
INFO: [ app_end ] --END-- [ RunTime:0.000888s ]
NOTIC: [2] Use of undefined constant echo123 - assumed 'echo123' (this will throw an Error in a future version of PHP) G:\phpstudy_pro\WWW\kk.top\ThinkPHP\ThinkPHP.php 第 98 行.
NOTIC: [8] Trying to get property 'id' of non-object G:\phpstudy_pro\WWW\kk.top\ThinkPHP\ThinkPHP.php 第 100 行.
NOTIC: [8] Trying to get property 'id' of non-object G:\phpstudy_pro\WWW\kk.top\index.php 第 28 行.

[ 2021-04-17T18:36:01+08:00 ] 127.0.0.1 /
INFO: [ app_init ] --START--
INFO: Run Behavior\BuildLiteBehavior [ RunTime:0.000015s ]
INFO: [ app_init ] --END-- [ RunTime:0.000363s ]
INFO: [ app_begin ] --START--
INFO: Run Behavior\ReadHtmlCacheBehavior [ RunTime:0.000336s ]
INFO: [ app_begin ] --END-- [ RunTime:0.000361s ]
NOTIC: [8] Trying to get property 'id' of non-object G:\phpstudy_pro\WWW\kk.top\Application\Home\Controller\IndexController.class.php 第 8 行.
INFO: [ app_end ] --START--
INFO: Run Behavior\ShowPageTraceBehavior [ RunTime:0.000517s ]
INFO: [ app_end ] --END-- [ RunTime:0.000570s ]
NOTIC: [2] Use of undefined constant echo123 - assumed 'echo123' (this will throw an Error in a future version of PHP) G:\phpstudy_pro\WWW\kk.top\ThinkPHP\ThinkPHP.php 第 98 行.
NOTIC: [8] Trying to get property 'id' of non-object G:\phpstudy_pro\WWW\kk.top\ThinkPHP\ThinkPHP.php 第 100 行.
NOTIC: [8] Trying to get property 'id' of non-object G:\phpstudy_pro\WWW\kk.top\index.php 第 28 行.

[ 2021-04-17T18:36:16+08:00 ] 127.0.0.1 /
INFO: [ app_init ] --START--
INFO: Run Behavior\BuildLiteBehavior [ RunTime:0.000006s ]
INFO: [ app_init ] --END-- [ RunTime:0.000204s ]
INFO: [ app_begin ] --START--
INFO: Run Behavior\ReadHtmlCacheBehavior [ RunTime:0.000348s ]
INFO: [ app_begin ] --END-- [ RunTime:0.000370s ]
NOTIC: [8] Trying to get property 'id' of non-object G:\phpstudy_pro\WWW\kk.top\Application\Home\Controller\IndexController.class.php 第 9 行.
INFO: [ app_end ] --START--
INFO: Run Behavior\ShowPageTraceBehavior [ RunTime:0.000269s ]
INFO: [ app_end ] --END-- [ RunTime:0.000288s ]
NOTIC: [2] Use of undefined constant echo123 - assumed 'echo123' (this will throw an Error in a future version of PHP) G:\phpstudy_pro\WWW\kk.top\ThinkPHP\ThinkPHP.php 第 98 行.
NOTIC: [8] Trying to get property 'id' of non-object G:\phpstudy_pro\WWW\kk.top\ThinkPHP\ThinkPHP.php 第 100 行.
NOTIC: [8] Trying to get property 'id' of non-object G:\phpstudy_pro\WWW\kk.top\index.php 第 28 行.

[ 2021-04-17T18:36:25+08:00 ] 127.0.0.1 /
INFO: [ app_init ] --START--
INFO: Run Behavior\BuildLiteBehavior [ RunTime:0.000010s ]
INFO: [ app_init ] --END-- [ RunTime:0.000598s ]
INFO: [ app_begin ] --START--
INFO: Run Behavior\ReadHtmlCacheBehavior [ RunTime:0.000303s ]
INFO: [ app_begin ] --END-- [ RunTime:0.000349s ]
NOTIC: [8] Trying to get property 'id' of non-object G:\phpstudy_pro\WWW\kk.top\Application\Home\Controller\IndexController.class.php 第 8 行.
INFO: [ app_end ] --START--
INFO: Run Behavior\ShowPageTraceBehavior [ RunTime:0.000512s ]
INFO: [ app_end ] --END-- [ RunTime:0.000592s ]
NOTIC: [2] Use of undefined constant echo123 - assumed 'echo123' (this will throw an Error in a future version of PHP) G:\phpstudy_pro\WWW\kk.top\ThinkPHP\ThinkPHP.php 第 98 行.
NOTIC: [8] Trying to get property 'id' of non-object G:\phpstudy_pro\WWW\kk.top\ThinkPHP\ThinkPHP.php 第 100 行.
NOTIC: [8] Trying to get property 'id' of non-object G:\phpstudy_pro\WWW\kk.top\index.php 第 28 行.

[ 2021-04-17T18:41:42+08:00 ] 127.0.0.1 /
INFO: [ app_init ] --START--
INFO: Run Behavior\BuildLiteBehavior [ RunTime:0.000013s ]
INFO: [ app_init ] --END-- [ RunTime:0.000490s ]
INFO: [ app_begin ] --START--
INFO: Run Behavior\ReadHtmlCacheBehavior [ RunTime:0.000549s ]
INFO: [ app_begin ] --END-- [ RunTime:0.000575s ]
NOTIC: [8] Trying to get property 'id' of non-object G:\phpstudy_pro\WWW\kk.top\Application\Home\Controller\IndexController.class.php 第 8 行.
NOTIC: [8] Undefined index: id G:\phpstudy_pro\WWW\kk.top\Application\Home\Controller\IndexController.class.php 第 8 行.
INFO: [ app_end ] --START--
INFO: Run Behavior\ShowPageTraceBehavior [ RunTime:0.000330s ]
INFO: [ app_end ] --END-- [ RunTime:0.000353s ]
NOTIC: [2] Use of undefined constant echo123 - assumed 'echo123' (this will throw an Error in a future version of PHP) G:\phpstudy_pro\WWW\kk.top\ThinkPHP\ThinkPHP.php 第 98 行.
NOTIC: [8] Trying to get property 'id' of non-object G:\phpstudy_pro\WWW\kk.top\ThinkPHP\ThinkPHP.php 第 100 行.
NOTIC: [8] Trying to get property 'id' of non-object G:\phpstudy_pro\WWW\kk.top\index.php 第 28 行.

[ 2021-04-17T18:45:30+08:00 ] 127.0.0.1 /
INFO: [ app_init ] --START--
INFO: Run Behavior\BuildLiteBehavior [ RunTime:0.000006s ]
INFO: [ app_init ] --END-- [ RunTime:0.000245s ]
INFO: [ app_begin ] --START--
INFO: Run Behavior\ReadHtmlCacheBehavior [ RunTime:0.000289s ]
INFO: [ app_begin ] --END-- [ RunTime:0.000310s ]
NOTIC: [8] Undefined index: id G:\phpstudy_pro\WWW\kk.top\Application\Home\Controller\IndexController.class.php 第 6 行.
INFO: [ app_end ] --START--
INFO: Run Behavior\ShowPageTraceBehavior [ RunTime:0.000621s ]
INFO: [ app_end ] --END-- [ RunTime:0.000664s ]
NOTIC: [2] Use of undefined constant echo123 - assumed 'echo123' (this will throw an Error in a future version of PHP) G:\phpstudy_pro\WWW\kk.top\ThinkPHP\ThinkPHP.php 第 98 行.
NOTIC: [8] Trying to get property 'id' of non-object G:\phpstudy_pro\WWW\kk.top\ThinkPHP\ThinkPHP.php 第 100 行.
NOTIC: [8] Trying to get property 'id' of non-object G:\phpstudy_pro\WWW\kk.top\index.php 第 28 行.

[ 2021-04-17T18:45:37+08:00 ] 127.0.0.1 /?id=1
INFO: [ app_init ] --START--
INFO: Run Behavior\BuildLiteBehavior [ RunTime:0.000013s ]
INFO: [ app_init ] --END-- [ RunTime:0.000348s ]
INFO: [ app_begin ] --START--
INFO: Run Behavior\ReadHtmlCacheBehavior [ RunTime:0.000398s ]
INFO: [ app_begin ] --END-- [ RunTime:0.000429s ]
INFO: [ app_end ] --START--
INFO: Run Behavior\ShowPageTraceBehavior [ RunTime:0.000361s ]
INFO: [ app_end ] --END-- [ RunTime:0.000388s ]
NOTIC: [2] Use of undefined constant echo123 - assumed 'echo123' (this will throw an Error in a future version of PHP) G:\phpstudy_pro\WWW\kk.top\ThinkPHP\ThinkPHP.php 第 98 行.
NOTIC: [8] Trying to get property 'id' of non-object G:\phpstudy_pro\WWW\kk.top\ThinkPHP\ThinkPHP.php 第 100 行.
NOTIC: [8] Trying to get property 'id' of non-object G:\phpstudy_pro\WWW\kk.top\index.php 第 28 行.

[ 2021-04-17T18:45:40+08:00 ] 127.0.0.1 /?id[]=1
INFO: [ app_init ] --START--
INFO: Run Behavior\BuildLiteBehavior [ RunTime:0.000016s ]
INFO: [ app_init ] --END-- [ RunTime:0.000660s ]
INFO: [ app_begin ] --START--
INFO: Run Behavior\ReadHtmlCacheBehavior [ RunTime:0.000942s ]
INFO: [ app_begin ] --END-- [ RunTime:0.001006s ]
INFO: [ app_end ] --START--
INFO: Run Behavior\ShowPageTraceBehavior [ RunTime:0.000363s ]
INFO: [ app_end ] --END-- [ RunTime:0.000392s ]
NOTIC: [2] Use of undefined constant echo123 - assumed 'echo123' (this will throw an Error in a future version of PHP) G:\phpstudy_pro\WWW\kk.top\ThinkPHP\ThinkPHP.php 第 98 行.
NOTIC: [8] Trying to get property 'id' of non-object G:\phpstudy_pro\WWW\kk.top\ThinkPHP\ThinkPHP.php 第 100 行.
NOTIC: [8] Trying to get property 'id' of non-object G:\phpstudy_pro\WWW\kk.top\index.php 第 28 行.

[ 2021-04-17T18:45:45+08:00 ] 127.0.0.1 /?id[]=1as
INFO: [ app_init ] --START--
INFO: Run Behavior\BuildLiteBehavior [ RunTime:0.000050s ]
INFO: [ app_init ] --END-- [ RunTime:0.000734s ]
INFO: [ app_begin ] --START--
INFO: Run Behavior\ReadHtmlCacheBehavior [ RunTime:0.000349s ]
INFO: [ app_begin ] --END-- [ RunTime:0.000379s ]
INFO: [ app_end ] --START--
INFO: Run Behavior\ShowPageTraceBehavior [ RunTime:0.000362s ]
INFO: [ app_end ] --END-- [ RunTime:0.000387s ]
NOTIC: [2] Use of undefined constant echo123 - assumed 'echo123' (this will throw an Error in a future version of PHP) G:\phpstudy_pro\WWW\kk.top\ThinkPHP\ThinkPHP.php 第 98 行.
NOTIC: [8] Trying to get property 'id' of non-object G:\phpstudy_pro\WWW\kk.top\ThinkPHP\ThinkPHP.php 第 100 行.
NOTIC: [8] Trying to get property 'id' of non-object G:\phpstudy_pro\WWW\kk.top\index.php 第 28 行.

[ 2021-04-17T18:45:48+08:00 ] 127.0.0.1 /?id[1]=1as
INFO: [ app_init ] --START--
INFO: Run Behavior\BuildLiteBehavior [ RunTime:0.000024s ]
INFO: [ app_init ] --END-- [ RunTime:0.000374s ]
INFO: [ app_begin ] --START--
INFO: Run Behavior\ReadHtmlCacheBehavior [ RunTime:0.000523s ]
INFO: [ app_begin ] --END-- [ RunTime:0.000550s ]
INFO: [ app_end ] --START--
INFO: Run Behavior\ShowPageTraceBehavior [ RunTime:0.000753s ]
INFO: [ app_end ] --END-- [ RunTime:0.000814s ]
NOTIC: [2] Use of undefined constant echo123 - assumed 'echo123' (this will throw an Error in a future version of PHP) G:\phpstudy_pro\WWW\kk.top\ThinkPHP\ThinkPHP.php 第 98 行.
NOTIC: [8] Trying to get property 'id' of non-object G:\phpstudy_pro\WWW\kk.top\ThinkPHP\ThinkPHP.php 第 100 行.
NOTIC: [8] Trying to get property 'id' of non-object G:\phpstudy_pro\WWW\kk.top\index.php 第 28 行.

[ 2021-04-17T18:45:57+08:00 ] 127.0.0.1 /?id[0]=1as&id[1]=1
INFO: [ app_init ] --START--
INFO: Run Behavior\BuildLiteBehavior [ RunTime:0.000050s ]
INFO: [ app_init ] --END-- [ RunTime:0.005305s ]
INFO: [ app_begin ] --START--
INFO: Run Behavior\ReadHtmlCacheBehavior [ RunTime:0.014842s ]
INFO: [ app_begin ] --END-- [ RunTime:0.014960s ]
INFO: [ app_end ] --START--
INFO: Run Behavior\ShowPageTraceBehavior [ RunTime:0.000747s ]
INFO: [ app_end ] --END-- [ RunTime:0.000819s ]
NOTIC: [2] Use of undefined constant echo123 - assumed 'echo123' (this will throw an Error in a future version of PHP) G:\phpstudy_pro\WWW\kk.top\ThinkPHP\ThinkPHP.php 第 98 行.
NOTIC: [8] Trying to get property 'id' of non-object G:\phpstudy_pro\WWW\kk.top\ThinkPHP\ThinkPHP.php 第 100 行.
NOTIC: [8] Trying to get property 'id' of non-object G:\phpstudy_pro\WWW\kk.top\index.php 第 28 行.

[ 2021-04-17T18:46:19+08:00 ] 127.0.0.1 /?id[0]=2&id[1]=1
INFO: [ app_init ] --START--
INFO: Run Behavior\BuildLiteBehavior [ RunTime:0.000025s ]
INFO: [ app_init ] --END-- [ RunTime:0.000562s ]
INFO: [ app_begin ] --START--
INFO: Run Behavior\ReadHtmlCacheBehavior [ RunTime:0.000500s ]
INFO: [ app_begin ] --END-- [ RunTime:0.000529s ]
INFO: [ app_end ] --START--
INFO: Run Behavior\ShowPageTraceBehavior [ RunTime:0.000359s ]
INFO: [ app_end ] --END-- [ RunTime:0.000389s ]
NOTIC: [2] Use of undefined constant echo123 - assumed 'echo123' (this will throw an Error in a future version of PHP) G:\phpstudy_pro\WWW\kk.top\ThinkPHP\ThinkPHP.php 第 98 行.
NOTIC: [8] Trying to get property 'id' of non-object G:\phpstudy_pro\WWW\kk.top\ThinkPHP\ThinkPHP.php 第 100 行.
NOTIC: [8] Trying to get property 'id' of non-object G:\phpstudy_pro\WWW\kk.top\index.php 第 28 行.

[ 2021-04-17T18:47:52+08:00 ] 127.0.0.1 /?id[0]=2&id[1]=1
INFO: [ app_init ] --START--
INFO: Run Behavior\BuildLiteBehavior [ RunTime:0.000008s ]
INFO: [ app_init ] --END-- [ RunTime:0.000334s ]
INFO: [ app_begin ] --START--
INFO: Run Behavior\ReadHtmlCacheBehavior [ RunTime:0.000363s ]
INFO: [ app_begin ] --END-- [ RunTime:0.000386s ]
INFO: [ app_end ] --START--
INFO: Run Behavior\ShowPageTraceBehavior [ RunTime:0.000381s ]
INFO: [ app_end ] --END-- [ RunTime:0.000402s ]
NOTIC: [2] Use of undefined constant echo123 - assumed 'echo123' (this will throw an Error in a future version of PHP) G:\phpstudy_pro\WWW\kk.top\ThinkPHP\ThinkPHP.php 第 98 行.
NOTIC: [8] Trying to get property 'id' of non-object G:\phpstudy_pro\WWW\kk.top\ThinkPHP\ThinkPHP.php 第 100 行.
NOTIC: [8] Trying to get property 'id' of non-object G:\phpstudy_pro\WWW\kk.top\index.php 第 28 行.

[ 2021-04-17T18:48:03+08:00 ] 127.0.0.1 /?id[0]=2&id[1]=1
INFO: [ app_init ] --START--
INFO: Run Behavior\BuildLiteBehavior [ RunTime:0.000009s ]
INFO: [ app_init ] --END-- [ RunTime:0.000274s ]
INFO: [ app_begin ] --START--
INFO: Run Behavior\ReadHtmlCacheBehavior [ RunTime:0.000402s ]
INFO: [ app_begin ] --END-- [ RunTime:0.000424s ]
INFO: [ app_end ] --START--
INFO: Run Behavior\ShowPageTraceBehavior [ RunTime:0.000313s ]
INFO: [ app_end ] --END-- [ RunTime:0.000335s ]
NOTIC: [2] Use of undefined constant echo123 - assumed 'echo123' (this will throw an Error in a future version of PHP) G:\phpstudy_pro\WWW\kk.top\ThinkPHP\ThinkPHP.php 第 98 行.
NOTIC: [8] Trying to get property 'id' of non-object G:\phpstudy_pro\WWW\kk.top\ThinkPHP\ThinkPHP.php 第 100 行.
NOTIC: [8] Trying to get property 'id' of non-object G:\phpstudy_pro\WWW\kk.top\index.php 第 28 行.

[ 2021-04-17T18:48:17+08:00 ] 127.0.0.1 /?id[0]=2&id[1]=1
INFO: [ app_init ] --START--
INFO: Run Behavior\BuildLiteBehavior [ RunTime:0.000007s ]
INFO: [ app_init ] --END-- [ RunTime:0.000226s ]
INFO: [ app_begin ] --START--
INFO: Run Behavior\ReadHtmlCacheBehavior [ RunTime:0.000284s ]
INFO: [ app_begin ] --END-- [ RunTime:0.000307s ]
INFO: [ app_end ] --START--
INFO: Run Behavior\ShowPageTraceBehavior [ RunTime:0.000409s ]
INFO: [ app_end ] --END-- [ RunTime:0.000475s ]
NOTIC: [2] Use of undefined constant echo123 - assumed 'echo123' (this will throw an Error in a future version of PHP) G:\phpstudy_pro\WWW\kk.top\ThinkPHP\ThinkPHP.php 第 98 行.
NOTIC: [8] Trying to get property 'id' of non-object G:\phpstudy_pro\WWW\kk.top\ThinkPHP\ThinkPHP.php 第 100 行.
NOTIC: [8] Trying to get property 'id' of non-object G:\phpstudy_pro\WWW\kk.top\index.php 第 28 行.

